<?xml version="1.0" encoding="UTF-8" standalone="no"?>
<!DOCTYPE log SYSTEM "logger.dtd">
<log>
<record>
  <date>2019-12-19T14:07:21</date>
  <millis>1576775241525</millis>
  <sequence>6</sequence>
  <logger>org.uma.jmetal.util.JMetalLogger</logger>
  <level>INFO</level>
  <class>org.uma.jmetal.util.JMetalLogger</class>
  <method>configureLoggers</method>
  <thread>1</thread>
  <message>Loggers configured with null</message>
</record>
<record>
  <date>2019-12-19T14:07:21</date>
  <millis>1576775241534</millis>
  <sequence>7</sequence>
  <logger>org.uma.jmetal.util.JMetalLogger</logger>
  <level>INFO</level>
  <class>org.uma.jmetal.runner.singleobjective.GenerationalGeneticAlgorithmStockMarketIntegerRunner</class>
  <method>run</method>
  <thread>1</thread>
  <message>Total execution time: 25528ms</message>
</record>
<record>
  <date>2019-12-19T14:07:21</date>
  <millis>1576775241534</millis>
  <sequence>8</sequence>
  <logger>org.uma.jmetal.util.JMetalLogger</logger>
  <level>INFO</level>
  <class>org.uma.jmetal.runner.singleobjective.GenerationalGeneticAlgorithmStockMarketIntegerRunner</class>
  <method>run</method>
  <thread>1</thread>
  <message>Objectives values have been written to file FUN.tsv</message>
</record>
<record>
  <date>2019-12-19T14:07:21</date>
  <millis>1576775241534</millis>
  <sequence>9</sequence>
  <logger>org.uma.jmetal.util.JMetalLogger</logger>
  <level>INFO</level>
  <class>org.uma.jmetal.runner.singleobjective.GenerationalGeneticAlgorithmStockMarketIntegerRunner</class>
  <method>run</method>
  <thread>1</thread>
  <message>Variables values have been written to file VAR.tsv</message>
</record>
<record>
  <date>2019-12-19T14:10:20</date>
  <millis>1576775420529</millis>
  <sequence>10</sequence>
  <logger>org.uma.jmetal.util.JMetalLogger</logger>
  <level>INFO</level>
  <class>org.uma.jmetal.runner.singleobjective.GenerationalGeneticAlgorithmStockMarketIntegerRunner</class>
  <method>run</method>
  <thread>1</thread>
  <message>Total execution time: 7565ms</message>
</record>
<record>
  <date>2019-12-19T14:10:20</date>
  <millis>1576775420532</millis>
  <sequence>11</sequence>
  <logger>org.uma.jmetal.util.JMetalLogger</logger>
  <level>INFO</level>
  <class>org.uma.jmetal.runner.singleobjective.GenerationalGeneticAlgorithmStockMarketIntegerRunner</class>
  <method>run</method>
  <thread>1</thread>
  <message>Objectives values have been written to file FUN.tsv</message>
</record>
<record>
  <date>2019-12-19T14:10:20</date>
  <millis>1576775420534</millis>
  <sequence>12</sequence>
  <logger>org.uma.jmetal.util.JMetalLogger</logger>
  <level>INFO</level>
  <class>org.uma.jmetal.runner.singleobjective.GenerationalGeneticAlgorithmStockMarketIntegerRunner</class>
  <method>run</method>
  <thread>1</thread>
  <message>Variables values have been written to file VAR.tsv</message>
</record>
<record>
  <date>2019-12-19T14:13:05</date>
  <millis>1576775585421</millis>
  <sequence>13</sequence>
  <logger>org.uma.jmetal.util.JMetalLogger</logger>
  <level>INFO</level>
  <class>org.uma.jmetal.runner.singleobjective.GenerationalGeneticAlgorithmStockMarketIntegerRunner</class>
  <method>run</method>
  <thread>1</thread>
  <message>Total execution time: 146105ms</message>
</record>
<record>
  <date>2019-12-19T14:13:05</date>
  <millis>1576775585421</millis>
  <sequence>14</sequence>
  <logger>org.uma.jmetal.util.JMetalLogger</logger>
  <level>INFO</level>
  <class>org.uma.jmetal.runner.singleobjective.GenerationalGeneticAlgorithmStockMarketIntegerRunner</class>
  <method>run</method>
  <thread>1</thread>
  <message>Objectives values have been written to file FUN.tsv</message>
</record>
<record>
  <date>2019-12-19T14:13:05</date>
  <millis>1576775585421</millis>
  <sequence>15</sequence>
  <logger>org.uma.jmetal.util.JMetalLogger</logger>
  <level>INFO</level>
  <class>org.uma.jmetal.runner.singleobjective.GenerationalGeneticAlgorithmStockMarketIntegerRunner</class>
  <method>run</method>
  <thread>1</thread>
  <message>Variables values have been written to file VAR.tsv</message>
</record>
<record>
  <date>2019-12-19T14:13:47</date>
  <millis>1576775627547</millis>
  <sequence>16</sequence>
  <logger>org.uma.jmetal.util.JMetalLogger</logger>
  <level>INFO</level>
  <class>org.uma.jmetal.runner.singleobjective.GenerationalGeneticAlgorithmStockMarketIntegerRunner</class>
  <method>run</method>
  <thread>1</thread>
  <message>Total execution time: 31188ms</message>
</record>
<record>
  <date>2019-12-19T14:13:47</date>
  <millis>1576775627548</millis>
  <sequence>17</sequence>
  <logger>org.uma.jmetal.util.JMetalLogger</logger>
  <level>INFO</level>
  <class>org.uma.jmetal.runner.singleobjective.GenerationalGeneticAlgorithmStockMarketIntegerRunner</class>
  <method>run</method>
  <thread>1</thread>
  <message>Objectives values have been written to file FUN.tsv</message>
</record>
<record>
  <date>2019-12-19T14:13:47</date>
  <millis>1576775627548</millis>
  <sequence>18</sequence>
  <logger>org.uma.jmetal.util.JMetalLogger</logger>
  <level>INFO</level>
  <class>org.uma.jmetal.runner.singleobjective.GenerationalGeneticAlgorithmStockMarketIntegerRunner</class>
  <method>run</method>
  <thread>1</thread>
  <message>Variables values have been written to file VAR.tsv</message>
</record>
<record>
  <date>2019-12-19T14:14:03</date>
  <millis>1576775643046</millis>
  <sequence>19</sequence>
  <logger>org.uma.jmetal.util.JMetalLogger</logger>
  <level>INFO</level>
  <class>org.uma.jmetal.runner.singleobjective.GenerationalGeneticAlgorithmStockMarketIntegerRunner</class>
  <method>run</method>
  <thread>1</thread>
  <message>Total execution time: 5845ms</message>
</record>
<record>
  <date>2019-12-19T14:14:03</date>
  <millis>1576775643047</millis>
  <sequence>20</sequence>
  <logger>org.uma.jmetal.util.JMetalLogger</logger>
  <level>INFO</level>
  <class>org.uma.jmetal.runner.singleobjective.GenerationalGeneticAlgorithmStockMarketIntegerRunner</class>
  <method>run</method>
  <thread>1</thread>
  <message>Objectives values have been written to file FUN.tsv</message>
</record>
<record>
  <date>2019-12-19T14:14:03</date>
  <millis>1576775643047</millis>
  <sequence>21</sequence>
  <logger>org.uma.jmetal.util.JMetalLogger</logger>
  <level>INFO</level>
  <class>org.uma.jmetal.runner.singleobjective.GenerationalGeneticAlgorithmStockMarketIntegerRunner</class>
  <method>run</method>
  <thread>1</thread>
  <message>Variables values have been written to file VAR.tsv</message>
</record>
<record>
  <date>2019-12-19T14:14:29</date>
  <millis>1576775669437</millis>
  <sequence>22</sequence>
  <logger>org.uma.jmetal.util.JMetalLogger</logger>
  <level>INFO</level>
  <class>org.uma.jmetal.runner.singleobjective.GenerationalGeneticAlgorithmStockMarketIntegerRunner</class>
  <method>run</method>
  <thread>1</thread>
  <message>Total execution time: 18309ms</message>
</record>
<record>
  <date>2019-12-19T14:14:29</date>
  <millis>1576775669438</millis>
  <sequence>23</sequence>
  <logger>org.uma.jmetal.util.JMetalLogger</logger>
  <level>INFO</level>
  <class>org.uma.jmetal.runner.singleobjective.GenerationalGeneticAlgorithmStockMarketIntegerRunner</class>
  <method>run</method>
  <thread>1</thread>
  <message>Objectives values have been written to file FUN.tsv</message>
</record>
<record>
  <date>2019-12-19T14:14:29</date>
  <millis>1576775669438</millis>
  <sequence>24</sequence>
  <logger>org.uma.jmetal.util.JMetalLogger</logger>
  <level>INFO</level>
  <class>org.uma.jmetal.runner.singleobjective.GenerationalGeneticAlgorithmStockMarketIntegerRunner</class>
  <method>run</method>
  <thread>1</thread>
  <message>Variables values have been written to file VAR.tsv</message>
</record>
<record>
  <date>2019-12-19T14:16:54</date>
  <millis>1576775814174</millis>
  <sequence>25</sequence>
  <logger>org.uma.jmetal.util.JMetalLogger</logger>
  <level>INFO</level>
  <class>org.uma.jmetal.runner.singleobjective.GenerationalGeneticAlgorithmStockMarketIntegerRunner</class>
  <method>run</method>
  <thread>1</thread>
  <message>Total execution time: 137777ms</message>
</record>
<record>
  <date>2019-12-19T14:16:54</date>
  <millis>1576775814174</millis>
  <sequence>26</sequence>
  <logger>org.uma.jmetal.util.JMetalLogger</logger>
  <level>INFO</level>
  <class>org.uma.jmetal.runner.singleobjective.GenerationalGeneticAlgorithmStockMarketIntegerRunner</class>
  <method>run</method>
  <thread>1</thread>
  <message>Objectives values have been written to file FUN.tsv</message>
</record>
<record>
  <date>2019-12-19T14:16:54</date>
  <millis>1576775814174</millis>
  <sequence>27</sequence>
  <logger>org.uma.jmetal.util.JMetalLogger</logger>
  <level>INFO</level>
  <class>org.uma.jmetal.runner.singleobjective.GenerationalGeneticAlgorithmStockMarketIntegerRunner</class>
  <method>run</method>
  <thread>1</thread>
  <message>Variables values have been written to file VAR.tsv</message>
</record>
<record>
  <date>2019-12-19T14:17:32</date>
  <millis>1576775852705</millis>
  <sequence>28</sequence>
  <logger>org.uma.jmetal.util.JMetalLogger</logger>
  <level>INFO</level>
  <class>org.uma.jmetal.runner.singleobjective.GenerationalGeneticAlgorithmStockMarketIntegerRunner</class>
  <method>run</method>
  <thread>1</thread>
  <message>Total execution time: 16971ms</message>
</record>
<record>
  <date>2019-12-19T14:17:32</date>
  <millis>1576775852705</millis>
  <sequence>29</sequence>
  <logger>org.uma.jmetal.util.JMetalLogger</logger>
  <level>INFO</level>
  <class>org.uma.jmetal.runner.singleobjective.GenerationalGeneticAlgorithmStockMarketIntegerRunner</class>
  <method>run</method>
  <thread>1</thread>
  <message>Objectives values have been written to file FUN.tsv</message>
</record>
<record>
  <date>2019-12-19T14:17:32</date>
  <millis>1576775852705</millis>
  <sequence>30</sequence>
  <logger>org.uma.jmetal.util.JMetalLogger</logger>
  <level>INFO</level>
  <class>org.uma.jmetal.runner.singleobjective.GenerationalGeneticAlgorithmStockMarketIntegerRunner</class>
  <method>run</method>
  <thread>1</thread>
  <message>Variables values have been written to file VAR.tsv</message>
</record>
<record>
  <date>2019-12-19T14:18:18</date>
  <millis>1576775898774</millis>
  <sequence>31</sequence>
  <logger>org.uma.jmetal.util.JMetalLogger</logger>
  <level>INFO</level>
  <class>org.uma.jmetal.runner.singleobjective.GenerationalGeneticAlgorithmStockMarketIntegerRunner</class>
  <method>run</method>
  <thread>1</thread>
  <message>Total execution time: 25211ms</message>
</record>
<record>
  <date>2019-12-19T14:18:18</date>
  <millis>1576775898775</millis>
  <sequence>32</sequence>
  <logger>org.uma.jmetal.util.JMetalLogger</logger>
  <level>INFO</level>
  <class>org.uma.jmetal.runner.singleobjective.GenerationalGeneticAlgorithmStockMarketIntegerRunner</class>
  <method>run</method>
  <thread>1</thread>
  <message>Objectives values have been written to file FUN.tsv</message>
</record>
<record>
  <date>2019-12-19T14:18:18</date>
  <millis>1576775898775</millis>
  <sequence>33</sequence>
  <logger>org.uma.jmetal.util.JMetalLogger</logger>
  <level>INFO</level>
  <class>org.uma.jmetal.runner.singleobjective.GenerationalGeneticAlgorithmStockMarketIntegerRunner</class>
  <method>run</method>
  <thread>1</thread>
  <message>Variables values have been written to file VAR.tsv</message>
</record>
<record>
  <date>2019-12-19T14:20:45</date>
  <millis>1576776045244</millis>
  <sequence>34</sequence>
  <logger>org.uma.jmetal.util.JMetalLogger</logger>
  <level>INFO</level>
  <class>org.uma.jmetal.runner.singleobjective.GenerationalGeneticAlgorithmStockMarketIntegerRunner</class>
  <method>run</method>
  <thread>1</thread>
  <message>Total execution time: 133285ms</message>
</record>
<record>
  <date>2019-12-19T14:20:45</date>
  <millis>1576776045245</millis>
  <sequence>35</sequence>
  <logger>org.uma.jmetal.util.JMetalLogger</logger>
  <level>INFO</level>
  <class>org.uma.jmetal.runner.singleobjective.GenerationalGeneticAlgorithmStockMarketIntegerRunner</class>
  <method>run</method>
  <thread>1</thread>
  <message>Objectives values have been written to file FUN.tsv</message>
</record>
<record>
  <date>2019-12-19T14:20:45</date>
  <millis>1576776045245</millis>
  <sequence>36</sequence>
  <logger>org.uma.jmetal.util.JMetalLogger</logger>
  <level>INFO</level>
  <class>org.uma.jmetal.runner.singleobjective.GenerationalGeneticAlgorithmStockMarketIntegerRunner</class>
  <method>run</method>
  <thread>1</thread>
  <message>Variables values have been written to file VAR.tsv</message>
</record>
<record>
  <date>2019-12-19T14:21:25</date>
  <millis>1576776085884</millis>
  <sequence>37</sequence>
  <logger>org.uma.jmetal.util.JMetalLogger</logger>
  <level>INFO</level>
  <class>org.uma.jmetal.runner.singleobjective.GenerationalGeneticAlgorithmStockMarketIntegerRunner</class>
  <method>run</method>
  <thread>1</thread>
  <message>Total execution time: 7936ms</message>
</record>
<record>
  <date>2019-12-19T14:21:25</date>
  <millis>1576776085884</millis>
  <sequence>38</sequence>
  <logger>org.uma.jmetal.util.JMetalLogger</logger>
  <level>INFO</level>
  <class>org.uma.jmetal.runner.singleobjective.GenerationalGeneticAlgorithmStockMarketIntegerRunner</class>
  <method>run</method>
  <thread>1</thread>
  <message>Objectives values have been written to file FUN.tsv</message>
</record>
<record>
  <date>2019-12-19T14:21:25</date>
  <millis>1576776085884</millis>
  <sequence>39</sequence>
  <logger>org.uma.jmetal.util.JMetalLogger</logger>
  <level>INFO</level>
  <class>org.uma.jmetal.runner.singleobjective.GenerationalGeneticAlgorithmStockMarketIntegerRunner</class>
  <method>run</method>
  <thread>1</thread>
  <message>Variables values have been written to file VAR.tsv</message>
</record>
<record>
  <date>2019-12-19T14:22:01</date>
  <millis>1576776121066</millis>
  <sequence>40</sequence>
  <logger>org.uma.jmetal.util.JMetalLogger</logger>
  <level>INFO</level>
  <class>org.uma.jmetal.runner.singleobjective.GenerationalGeneticAlgorithmStockMarketIntegerRunner</class>
  <method>run</method>
  <thread>1</thread>
  <message>Total execution time: 14885ms</message>
</record>
<record>
  <date>2019-12-19T14:22:01</date>
  <millis>1576776121067</millis>
  <sequence>41</sequence>
  <logger>org.uma.jmetal.util.JMetalLogger</logger>
  <level>INFO</level>
  <class>org.uma.jmetal.runner.singleobjective.GenerationalGeneticAlgorithmStockMarketIntegerRunner</class>
  <method>run</method>
  <thread>1</thread>
  <message>Objectives values have been written to file FUN.tsv</message>
</record>
<record>
  <date>2019-12-19T14:22:01</date>
  <millis>1576776121067</millis>
  <sequence>42</sequence>
  <logger>org.uma.jmetal.util.JMetalLogger</logger>
  <level>INFO</level>
  <class>org.uma.jmetal.runner.singleobjective.GenerationalGeneticAlgorithmStockMarketIntegerRunner</class>
  <method>run</method>
  <thread>1</thread>
  <message>Variables values have been written to file VAR.tsv</message>
</record>
<record>
  <date>2019-12-19T14:24:01</date>
  <millis>1576776241125</millis>
  <sequence>43</sequence>
  <logger>org.uma.jmetal.util.JMetalLogger</logger>
  <level>INFO</level>
  <class>org.uma.jmetal.runner.singleobjective.GenerationalGeneticAlgorithmStockMarketRunner</class>
  <method>run</method>
  <thread>1</thread>
  <message>Total execution time: 108748ms</message>
</record>
<record>
  <date>2019-12-19T14:24:01</date>
  <millis>1576776241125</millis>
  <sequence>44</sequence>
  <logger>org.uma.jmetal.util.JMetalLogger</logger>
  <level>INFO</level>
  <class>org.uma.jmetal.runner.singleobjective.GenerationalGeneticAlgorithmStockMarketRunner</class>
  <method>run</method>
  <thread>1</thread>
  <message>Objectives values have been written to file FUN.tsv</message>
</record>
<record>
  <date>2019-12-19T14:24:01</date>
  <millis>1576776241126</millis>
  <sequence>45</sequence>
  <logger>org.uma.jmetal.util.JMetalLogger</logger>
  <level>INFO</level>
  <class>org.uma.jmetal.runner.singleobjective.GenerationalGeneticAlgorithmStockMarketRunner</class>
  <method>run</method>
  <thread>1</thread>
  <message>Variables values have been written to file VAR.tsv</message>
</record>
</log>
